[INFO  - 2017-06-13T01:39:28.811Z] GhostDriver - Main - running on port 35805
[INFO  - 2017-06-13T01:39:29.665Z] Session [247ae1e0-4fd9-11e7-8b0a-b14f71d4af23] - page.settings - {"XSSAuditingEnabled":false,"javascriptCanCloseWindows":true,"javascriptCanOpenWindows":true,"javascriptEnabled":true,"loadImages":true,"localToRemoteUrlAccessEnabled":false,"userAgent":"Mozilla/5.0 (Unknown; Linux x86_64) AppleWebKit/538.1 (KHTML, like Gecko) PhantomJS/2.1.1 Safari/538.1","webSecurityEnabled":true}
[INFO  - 2017-06-13T01:39:29.665Z] Session [247ae1e0-4fd9-11e7-8b0a-b14f71d4af23] - page.customHeaders:  - {}
[INFO  - 2017-06-13T01:39:29.665Z] Session [247ae1e0-4fd9-11e7-8b0a-b14f71d4af23] - Session.negotiatedCapabilities - {"browserName":"phantomjs","version":"2.1.1","driverName":"ghostdriver","driverVersion":"1.2.0","platform":"linux-unknown-64bit","javascriptEnabled":true,"takesScreenshot":true,"handlesAlerts":false,"databaseEnabled":false,"locationContextEnabled":false,"applicationCacheEnabled":false,"browserConnectionEnabled":false,"cssSelectorsEnabled":true,"webStorageEnabled":false,"rotatable":false,"acceptSslCerts":false,"nativeEvents":true,"proxy":{"proxyType":"direct"}}
[INFO  - 2017-06-13T01:39:29.665Z] SessionManagerReqHand - _postNewSessionCommand - New Session Created: 247ae1e0-4fd9-11e7-8b0a-b14f71d4af23
[ERROR - 2017-06-13T01:40:26.247Z] Session [247ae1e0-4fd9-11e7-8b0a-b14f71d4af23] - page.onError - msg: TypeError: undefined is not an object (evaluating 'window.vidora.ready')

  phantomjs://platform/console++.js:263 in error
[ERROR - 2017-06-13T01:40:26.247Z] Session [247ae1e0-4fd9-11e7-8b0a-b14f71d4af23] - page.onError - stack:
  (anonymous function) (undefined:21)
  (anonymous function) (:141)
  success (:116)
  fire (:975)
  fireWith (:1085)
  done (:7804)
  callback (:8519)
  nrWrapper (https://www.wsj.com/articles/SB10001424127887324050304578413184135037620:135)

  phantomjs://platform/console++.js:263 in error
[ERROR - 2017-06-13T01:40:30.388Z] Session [247ae1e0-4fd9-11e7-8b0a-b14f71d4af23] - page.onError - msg: BG2: Failed to connect to BlueGrass2 SignalR endpoint: https://wsjstream.wsj.net/bg2.  Will retry...

  phantomjs://platform/console++.js:263 in error
[ERROR - 2017-06-13T01:40:30.388Z] Session [247ae1e0-4fd9-11e7-8b0a-b14f71d4af23] - page.onError - stack:
  (anonymous function) (:23)

  phantomjs://platform/console++.js:263 in error
[ERROR - 2017-06-13T01:40:41.017Z] Session [247ae1e0-4fd9-11e7-8b0a-b14f71d4af23] - page.onError - msg: TypeError: undefined is not an object (evaluating 'window.vidora.ready')

  phantomjs://platform/console++.js:263 in error
[ERROR - 2017-06-13T01:40:41.017Z] Session [247ae1e0-4fd9-11e7-8b0a-b14f71d4af23] - page.onError - stack:
  (anonymous function) (undefined:21)
  (anonymous function) (:141)
  success (:116)
  fire (:975)
  fireWith (:1085)
  done (:7804)
  callback (:8519)
  nrWrapper (https://www.wsj.com/articles/SB10001424127887324030704578424983718063950:128)

  phantomjs://platform/console++.js:263 in error
[ERROR - 2017-06-13T01:40:52.264Z] Session [247ae1e0-4fd9-11e7-8b0a-b14f71d4af23] - page.onError - msg: TypeError: undefined is not an object (evaluating 'window.vidora.ready')

  phantomjs://platform/console++.js:263 in error
[ERROR - 2017-06-13T01:40:52.264Z] Session [247ae1e0-4fd9-11e7-8b0a-b14f71d4af23] - page.onError - stack:
  (anonymous function) (undefined:21)
  (anonymous function) (:141)
  success (:116)
  fire (:975)
  fireWith (:1085)
  done (:7804)
  callback (:8519)
  nrWrapper (https://www.wsj.com/articles/SB10001424127887324493704578430511472617172:127)

  phantomjs://platform/console++.js:263 in error
[ERROR - 2017-06-13T01:40:58.659Z] Session [247ae1e0-4fd9-11e7-8b0a-b14f71d4af23] - page.onError - msg: TypeError: undefined is not an object (evaluating 'window.vidora.ready')

  phantomjs://platform/console++.js:263 in error
[ERROR - 2017-06-13T01:40:58.659Z] Session [247ae1e0-4fd9-11e7-8b0a-b14f71d4af23] - page.onError - stack:
  (anonymous function) (undefined:21)
  (anonymous function) (:141)
  success (:116)
  fire (:975)
  fireWith (:1085)
  done (:7804)
  callback (:8519)
  nrWrapper (https://www.wsj.com/articles/SB10001424127887324493704578431320367757336:128)

  phantomjs://platform/console++.js:263 in error
[ERROR - 2017-06-13T01:41:02.244Z] Session [247ae1e0-4fd9-11e7-8b0a-b14f71d4af23] - page.onError - msg: TypeError: undefined is not an object (evaluating 'window.vidora.ready')

  phantomjs://platform/console++.js:263 in error
[ERROR - 2017-06-13T01:41:02.244Z] Session [247ae1e0-4fd9-11e7-8b0a-b14f71d4af23] - page.onError - stack:
  (anonymous function) (undefined:21)
  (anonymous function) (:141)
  success (:116)
  fire (:975)
  fireWith (:1085)
  done (:7804)
  callback (:8519)
  nrWrapper (https://www.wsj.com/articles/SB10001424127887324030704578425013948390522:127)

  phantomjs://platform/console++.js:263 in error
[ERROR - 2017-06-13T01:41:17.413Z] Session [247ae1e0-4fd9-11e7-8b0a-b14f71d4af23] - page.onError - msg: TypeError: undefined is not an object (evaluating 'window.vidora.ready')

  phantomjs://platform/console++.js:263 in error
[ERROR - 2017-06-13T01:41:17.413Z] Session [247ae1e0-4fd9-11e7-8b0a-b14f71d4af23] - page.onError - stack:
  (anonymous function) (undefined:21)
  (anonymous function) (:141)
  success (:116)
  fire (:975)
  fireWith (:1085)
  done (:7804)
  callback (:8519)
  nrWrapper (https://www.wsj.com/articles/SB10001424127887323309604578428464242277122:128)

  phantomjs://platform/console++.js:263 in error
[ERROR - 2017-06-13T01:41:46.299Z] Session [247ae1e0-4fd9-11e7-8b0a-b14f71d4af23] - page.onError - msg: TypeError: undefined is not an object (evaluating 'window.vidora.ready')

  phantomjs://platform/console++.js:263 in error
[ERROR - 2017-06-13T01:41:46.299Z] Session [247ae1e0-4fd9-11e7-8b0a-b14f71d4af23] - page.onError - stack:
  (anonymous function) (undefined:21)
  (anonymous function) (:141)
  success (:116)
  fire (:975)
  fireWith (:1085)
  done (:7804)
  callback (:8519)
  nrWrapper (https://www.wsj.com/articles/SB10001424127887324030704578427443221587794:127)

  phantomjs://platform/console++.js:263 in error
[ERROR - 2017-06-13T01:41:50.960Z] Session [247ae1e0-4fd9-11e7-8b0a-b14f71d4af23] - page.onError - msg: Exception in queued GPT command ReferenceError: Can't find variable: pxSegmentIDs

  phantomjs://platform/console++.js:263 in error
[ERROR - 2017-06-13T01:41:50.960Z] Session [247ae1e0-4fd9-11e7-8b0a-b14f71d4af23] - page.onError - stack:
  push (https://securepubads.g.doubleclick.net/gpt/pubads_impl_121.js:59)

  phantomjs://platform/console++.js:263 in error
[ERROR - 2017-06-13T01:41:50.962Z] Session [247ae1e0-4fd9-11e7-8b0a-b14f71d4af23] - page.onError - msg: Exception in queued GPT command ReferenceError: Can't find variable: pxSegmentIDs

  phantomjs://platform/console++.js:263 in error
[ERROR - 2017-06-13T01:41:50.962Z] Session [247ae1e0-4fd9-11e7-8b0a-b14f71d4af23] - page.onError - stack:
  push (https://securepubads.g.doubleclick.net/gpt/pubads_impl_121.js:59)

  phantomjs://platform/console++.js:263 in error
[ERROR - 2017-06-13T01:41:50.963Z] Session [247ae1e0-4fd9-11e7-8b0a-b14f71d4af23] - page.onError - msg: Exception in queued GPT command ReferenceError: Can't find variable: pxSegmentIDs

  phantomjs://platform/console++.js:263 in error
[ERROR - 2017-06-13T01:41:50.963Z] Session [247ae1e0-4fd9-11e7-8b0a-b14f71d4af23] - page.onError - stack:
  push (https://securepubads.g.doubleclick.net/gpt/pubads_impl_121.js:59)

  phantomjs://platform/console++.js:263 in error
[ERROR - 2017-06-13T01:41:50.964Z] Session [247ae1e0-4fd9-11e7-8b0a-b14f71d4af23] - page.onError - msg: Exception in queued GPT command ReferenceError: Can't find variable: pxSegmentIDs

  phantomjs://platform/console++.js:263 in error
[ERROR - 2017-06-13T01:41:50.964Z] Session [247ae1e0-4fd9-11e7-8b0a-b14f71d4af23] - page.onError - stack:
  push (https://securepubads.g.doubleclick.net/gpt/pubads_impl_121.js:59)

  phantomjs://platform/console++.js:263 in error
[ERROR - 2017-06-13T01:41:50.966Z] Session [247ae1e0-4fd9-11e7-8b0a-b14f71d4af23] - page.onError - msg: Exception in queued GPT command ReferenceError: Can't find variable: pxSegmentIDs

  phantomjs://platform/console++.js:263 in error
[ERROR - 2017-06-13T01:41:50.966Z] Session [247ae1e0-4fd9-11e7-8b0a-b14f71d4af23] - page.onError - stack:
  push (https://securepubads.g.doubleclick.net/gpt/pubads_impl_121.js:59)

  phantomjs://platform/console++.js:263 in error
[ERROR - 2017-06-13T01:41:50.967Z] Session [247ae1e0-4fd9-11e7-8b0a-b14f71d4af23] - page.onError - msg: Exception in queued GPT command ReferenceError: Can't find variable: pxSegmentIDs

  phantomjs://platform/console++.js:263 in error
[ERROR - 2017-06-13T01:41:50.967Z] Session [247ae1e0-4fd9-11e7-8b0a-b14f71d4af23] - page.onError - stack:
  push (https://securepubads.g.doubleclick.net/gpt/pubads_impl_121.js:59)

  phantomjs://platform/console++.js:263 in error
[ERROR - 2017-06-13T01:41:50.969Z] Session [247ae1e0-4fd9-11e7-8b0a-b14f71d4af23] - page.onError - msg: Exception in queued GPT command ReferenceError: Can't find variable: pxSegmentIDs

  phantomjs://platform/console++.js:263 in error
[ERROR - 2017-06-13T01:41:50.969Z] Session [247ae1e0-4fd9-11e7-8b0a-b14f71d4af23] - page.onError - stack:
  push (https://securepubads.g.doubleclick.net/gpt/pubads_impl_121.js:59)

  phantomjs://platform/console++.js:263 in error
[ERROR - 2017-06-13T01:42:14.667Z] Session [247ae1e0-4fd9-11e7-8b0a-b14f71d4af23] - page.onError - msg: Exception in queued GPT command ReferenceError: Can't find variable: pxSegmentIDs

  phantomjs://platform/console++.js:263 in error
[ERROR - 2017-06-13T01:42:14.667Z] Session [247ae1e0-4fd9-11e7-8b0a-b14f71d4af23] - page.onError - stack:
  push (https://securepubads.g.doubleclick.net/gpt/pubads_impl_121.js:59)

  phantomjs://platform/console++.js:263 in error
[ERROR - 2017-06-13T01:42:14.669Z] Session [247ae1e0-4fd9-11e7-8b0a-b14f71d4af23] - page.onError - msg: Exception in queued GPT command ReferenceError: Can't find variable: pxSegmentIDs

  phantomjs://platform/console++.js:263 in error
[ERROR - 2017-06-13T01:42:14.669Z] Session [247ae1e0-4fd9-11e7-8b0a-b14f71d4af23] - page.onError - stack:
  push (https://securepubads.g.doubleclick.net/gpt/pubads_impl_121.js:59)

  phantomjs://platform/console++.js:263 in error
[ERROR - 2017-06-13T01:42:14.670Z] Session [247ae1e0-4fd9-11e7-8b0a-b14f71d4af23] - page.onError - msg: Exception in queued GPT command ReferenceError: Can't find variable: pxSegmentIDs

  phantomjs://platform/console++.js:263 in error
[ERROR - 2017-06-13T01:42:14.670Z] Session [247ae1e0-4fd9-11e7-8b0a-b14f71d4af23] - page.onError - stack:
  push (https://securepubads.g.doubleclick.net/gpt/pubads_impl_121.js:59)

  phantomjs://platform/console++.js:263 in error
[ERROR - 2017-06-13T01:42:14.671Z] Session [247ae1e0-4fd9-11e7-8b0a-b14f71d4af23] - page.onError - msg: Exception in queued GPT command ReferenceError: Can't find variable: pxSegmentIDs

  phantomjs://platform/console++.js:263 in error
[ERROR - 2017-06-13T01:42:14.671Z] Session [247ae1e0-4fd9-11e7-8b0a-b14f71d4af23] - page.onError - stack:
  push (https://securepubads.g.doubleclick.net/gpt/pubads_impl_121.js:59)

  phantomjs://platform/console++.js:263 in error
[ERROR - 2017-06-13T01:42:14.673Z] Session [247ae1e0-4fd9-11e7-8b0a-b14f71d4af23] - page.onError - msg: Exception in queued GPT command ReferenceError: Can't find variable: pxSegmentIDs

  phantomjs://platform/console++.js:263 in error
[ERROR - 2017-06-13T01:42:14.673Z] Session [247ae1e0-4fd9-11e7-8b0a-b14f71d4af23] - page.onError - stack:
  push (https://securepubads.g.doubleclick.net/gpt/pubads_impl_121.js:59)

  phantomjs://platform/console++.js:263 in error
[ERROR - 2017-06-13T01:42:49.315Z] Session [247ae1e0-4fd9-11e7-8b0a-b14f71d4af23] - page.onError - msg: Exception in queued GPT command ReferenceError: Can't find variable: pxSegmentIDs

  phantomjs://platform/console++.js:263 in error
[ERROR - 2017-06-13T01:42:49.315Z] Session [247ae1e0-4fd9-11e7-8b0a-b14f71d4af23] - page.onError - stack:
  push (https://securepubads.g.doubleclick.net/gpt/pubads_impl_121.js:59)

  phantomjs://platform/console++.js:263 in error
[ERROR - 2017-06-13T01:42:49.317Z] Session [247ae1e0-4fd9-11e7-8b0a-b14f71d4af23] - page.onError - msg: Exception in queued GPT command ReferenceError: Can't find variable: pxSegmentIDs

  phantomjs://platform/console++.js:263 in error
[ERROR - 2017-06-13T01:42:49.317Z] Session [247ae1e0-4fd9-11e7-8b0a-b14f71d4af23] - page.onError - stack:
  push (https://securepubads.g.doubleclick.net/gpt/pubads_impl_121.js:59)

  phantomjs://platform/console++.js:263 in error
[ERROR - 2017-06-13T01:42:49.318Z] Session [247ae1e0-4fd9-11e7-8b0a-b14f71d4af23] - page.onError - msg: Exception in queued GPT command ReferenceError: Can't find variable: pxSegmentIDs

  phantomjs://platform/console++.js:263 in error
[ERROR - 2017-06-13T01:42:49.318Z] Session [247ae1e0-4fd9-11e7-8b0a-b14f71d4af23] - page.onError - stack:
  push (https://securepubads.g.doubleclick.net/gpt/pubads_impl_121.js:59)

  phantomjs://platform/console++.js:263 in error
[ERROR - 2017-06-13T01:42:49.319Z] Session [247ae1e0-4fd9-11e7-8b0a-b14f71d4af23] - page.onError - msg: Exception in queued GPT command ReferenceError: Can't find variable: pxSegmentIDs

  phantomjs://platform/console++.js:263 in error
[ERROR - 2017-06-13T01:42:49.319Z] Session [247ae1e0-4fd9-11e7-8b0a-b14f71d4af23] - page.onError - stack:
  push (https://securepubads.g.doubleclick.net/gpt/pubads_impl_121.js:59)

  phantomjs://platform/console++.js:263 in error
[ERROR - 2017-06-13T01:42:49.321Z] Session [247ae1e0-4fd9-11e7-8b0a-b14f71d4af23] - page.onError - msg: Exception in queued GPT command ReferenceError: Can't find variable: pxSegmentIDs

  phantomjs://platform/console++.js:263 in error
[ERROR - 2017-06-13T01:42:49.321Z] Session [247ae1e0-4fd9-11e7-8b0a-b14f71d4af23] - page.onError - stack:
  push (https://securepubads.g.doubleclick.net/gpt/pubads_impl_121.js:59)

  phantomjs://platform/console++.js:263 in error
[ERROR - 2017-06-13T01:42:51.826Z] Session [247ae1e0-4fd9-11e7-8b0a-b14f71d4af23] - page.onError - msg: TypeError: undefined is not an object (evaluating 'window.vidora.ready')

  phantomjs://platform/console++.js:263 in error
[ERROR - 2017-06-13T01:42:51.826Z] Session [247ae1e0-4fd9-11e7-8b0a-b14f71d4af23] - page.onError - stack:
  (anonymous function) (undefined:21)
  (anonymous function) (:141)
  success (:116)
  fire (:975)
  fireWith (:1085)
  done (:7804)
  callback (:8519)
  nrWrapper (https://www.wsj.com/articles/SB10001424127887324493704578432961598439332:127)

  phantomjs://platform/console++.js:263 in error
[ERROR - 2017-06-13T01:43:06.323Z] Session [247ae1e0-4fd9-11e7-8b0a-b14f71d4af23] - page.onError - msg: BG2: Failed to connect to BlueGrass2 SignalR endpoint: https://wsjstream.wsj.net/bg2.  Will retry...

  phantomjs://platform/console++.js:263 in error
[ERROR - 2017-06-13T01:43:06.323Z] Session [247ae1e0-4fd9-11e7-8b0a-b14f71d4af23] - page.onError - stack:
  (anonymous function) (:23)

  phantomjs://platform/console++.js:263 in error
[ERROR - 2017-06-13T01:43:13.884Z] Session [247ae1e0-4fd9-11e7-8b0a-b14f71d4af23] - page.onError - msg: TypeError: undefined is not an object (evaluating 'window.vidora.ready')

  phantomjs://platform/console++.js:263 in error
[ERROR - 2017-06-13T01:43:13.884Z] Session [247ae1e0-4fd9-11e7-8b0a-b14f71d4af23] - page.onError - stack:
  (anonymous function) (undefined:21)
  (anonymous function) (:141)
  success (:116)
  fire (:975)
  fireWith (:1085)
  done (:7804)
  callback (:8519)
  nrWrapper (https://www.wsj.com/articles/SB10001424127887324493704578431442626714184:127)

  phantomjs://platform/console++.js:263 in error
[ERROR - 2017-06-13T01:43:25.390Z] Session [247ae1e0-4fd9-11e7-8b0a-b14f71d4af23] - page.onError - msg: Exception in queued GPT command ReferenceError: Can't find variable: pxSegmentIDs

  phantomjs://platform/console++.js:263 in error
[ERROR - 2017-06-13T01:43:25.390Z] Session [247ae1e0-4fd9-11e7-8b0a-b14f71d4af23] - page.onError - stack:
  push (https://securepubads.g.doubleclick.net/gpt/pubads_impl_121.js:59)

  phantomjs://platform/console++.js:263 in error
[ERROR - 2017-06-13T01:43:25.392Z] Session [247ae1e0-4fd9-11e7-8b0a-b14f71d4af23] - page.onError - msg: Exception in queued GPT command ReferenceError: Can't find variable: pxSegmentIDs

  phantomjs://platform/console++.js:263 in error
[ERROR - 2017-06-13T01:43:25.392Z] Session [247ae1e0-4fd9-11e7-8b0a-b14f71d4af23] - page.onError - stack:
  push (https://securepubads.g.doubleclick.net/gpt/pubads_impl_121.js:59)

  phantomjs://platform/console++.js:263 in error
[ERROR - 2017-06-13T01:43:25.394Z] Session [247ae1e0-4fd9-11e7-8b0a-b14f71d4af23] - page.onError - msg: Exception in queued GPT command ReferenceError: Can't find variable: pxSegmentIDs

  phantomjs://platform/console++.js:263 in error
[ERROR - 2017-06-13T01:43:25.394Z] Session [247ae1e0-4fd9-11e7-8b0a-b14f71d4af23] - page.onError - stack:
  push (https://securepubads.g.doubleclick.net/gpt/pubads_impl_121.js:59)

  phantomjs://platform/console++.js:263 in error
[ERROR - 2017-06-13T01:43:25.395Z] Session [247ae1e0-4fd9-11e7-8b0a-b14f71d4af23] - page.onError - msg: Exception in queued GPT command ReferenceError: Can't find variable: pxSegmentIDs

  phantomjs://platform/console++.js:263 in error
[ERROR - 2017-06-13T01:43:25.395Z] Session [247ae1e0-4fd9-11e7-8b0a-b14f71d4af23] - page.onError - stack:
  push (https://securepubads.g.doubleclick.net/gpt/pubads_impl_121.js:59)

  phantomjs://platform/console++.js:263 in error
[ERROR - 2017-06-13T01:43:25.398Z] Session [247ae1e0-4fd9-11e7-8b0a-b14f71d4af23] - page.onError - msg: Exception in queued GPT command ReferenceError: Can't find variable: pxSegmentIDs

  phantomjs://platform/console++.js:263 in error
[ERROR - 2017-06-13T01:43:25.398Z] Session [247ae1e0-4fd9-11e7-8b0a-b14f71d4af23] - page.onError - stack:
  push (https://securepubads.g.doubleclick.net/gpt/pubads_impl_121.js:59)

  phantomjs://platform/console++.js:263 in error
[ERROR - 2017-06-13T01:43:32.750Z] Session [247ae1e0-4fd9-11e7-8b0a-b14f71d4af23] - page.onError - msg: TypeError: undefined is not an object (evaluating 'window.vidora.ready')

  phantomjs://platform/console++.js:263 in error
[ERROR - 2017-06-13T01:43:32.750Z] Session [247ae1e0-4fd9-11e7-8b0a-b14f71d4af23] - page.onError - stack:
  (anonymous function) (undefined:21)
  (anonymous function) (:141)
  success (:116)
  fire (:975)
  fireWith (:1085)
  done (:7804)
  callback (:8519)
  nrWrapper (https://www.wsj.com/articles/SB10001424127887323809304578430102360219708:127)

  phantomjs://platform/console++.js:263 in error
[ERROR - 2017-06-13T01:43:37.353Z] Session [247ae1e0-4fd9-11e7-8b0a-b14f71d4af23] - page.onError - msg: Exception in queued GPT command ReferenceError: Can't find variable: pxSegmentIDs

  phantomjs://platform/console++.js:263 in error
[ERROR - 2017-06-13T01:43:37.353Z] Session [247ae1e0-4fd9-11e7-8b0a-b14f71d4af23] - page.onError - stack:
  push (https://securepubads.g.doubleclick.net/gpt/pubads_impl_121.js:59)

  phantomjs://platform/console++.js:263 in error
[ERROR - 2017-06-13T01:43:37.354Z] Session [247ae1e0-4fd9-11e7-8b0a-b14f71d4af23] - page.onError - msg: Exception in queued GPT command ReferenceError: Can't find variable: pxSegmentIDs

  phantomjs://platform/console++.js:263 in error
[ERROR - 2017-06-13T01:43:37.354Z] Session [247ae1e0-4fd9-11e7-8b0a-b14f71d4af23] - page.onError - stack:
  push (https://securepubads.g.doubleclick.net/gpt/pubads_impl_121.js:59)

  phantomjs://platform/console++.js:263 in error
[ERROR - 2017-06-13T01:43:37.356Z] Session [247ae1e0-4fd9-11e7-8b0a-b14f71d4af23] - page.onError - msg: Exception in queued GPT command ReferenceError: Can't find variable: pxSegmentIDs

  phantomjs://platform/console++.js:263 in error
[ERROR - 2017-06-13T01:43:37.356Z] Session [247ae1e0-4fd9-11e7-8b0a-b14f71d4af23] - page.onError - stack:
  push (https://securepubads.g.doubleclick.net/gpt/pubads_impl_121.js:59)

  phantomjs://platform/console++.js:263 in error
[ERROR - 2017-06-13T01:43:37.358Z] Session [247ae1e0-4fd9-11e7-8b0a-b14f71d4af23] - page.onError - msg: Exception in queued GPT command ReferenceError: Can't find variable: pxSegmentIDs

  phantomjs://platform/console++.js:263 in error
[ERROR - 2017-06-13T01:43:37.358Z] Session [247ae1e0-4fd9-11e7-8b0a-b14f71d4af23] - page.onError - stack:
  push (https://securepubads.g.doubleclick.net/gpt/pubads_impl_121.js:59)

  phantomjs://platform/console++.js:263 in error
[ERROR - 2017-06-13T01:43:37.361Z] Session [247ae1e0-4fd9-11e7-8b0a-b14f71d4af23] - page.onError - msg: Exception in queued GPT command ReferenceError: Can't find variable: pxSegmentIDs

  phantomjs://platform/console++.js:263 in error
[ERROR - 2017-06-13T01:43:37.361Z] Session [247ae1e0-4fd9-11e7-8b0a-b14f71d4af23] - page.onError - stack:
  push (https://securepubads.g.doubleclick.net/gpt/pubads_impl_121.js:59)

  phantomjs://platform/console++.js:263 in error
[ERROR - 2017-06-13T01:43:47.217Z] Session [247ae1e0-4fd9-11e7-8b0a-b14f71d4af23] - page.onError - msg: Exception in queued GPT command ReferenceError: Can't find variable: pxSegmentIDs

  phantomjs://platform/console++.js:263 in error
[ERROR - 2017-06-13T01:43:47.217Z] Session [247ae1e0-4fd9-11e7-8b0a-b14f71d4af23] - page.onError - stack:
  push (https://securepubads.g.doubleclick.net/gpt/pubads_impl_121.js:59)

  phantomjs://platform/console++.js:263 in error
[ERROR - 2017-06-13T01:43:47.219Z] Session [247ae1e0-4fd9-11e7-8b0a-b14f71d4af23] - page.onError - msg: Exception in queued GPT command ReferenceError: Can't find variable: pxSegmentIDs

  phantomjs://platform/console++.js:263 in error
[ERROR - 2017-06-13T01:43:47.219Z] Session [247ae1e0-4fd9-11e7-8b0a-b14f71d4af23] - page.onError - stack:
  push (https://securepubads.g.doubleclick.net/gpt/pubads_impl_121.js:59)

  phantomjs://platform/console++.js:263 in error
[ERROR - 2017-06-13T01:43:47.220Z] Session [247ae1e0-4fd9-11e7-8b0a-b14f71d4af23] - page.onError - msg: Exception in queued GPT command ReferenceError: Can't find variable: pxSegmentIDs

  phantomjs://platform/console++.js:263 in error
[ERROR - 2017-06-13T01:43:47.220Z] Session [247ae1e0-4fd9-11e7-8b0a-b14f71d4af23] - page.onError - stack:
  push (https://securepubads.g.doubleclick.net/gpt/pubads_impl_121.js:59)

  phantomjs://platform/console++.js:263 in error
[ERROR - 2017-06-13T01:43:47.221Z] Session [247ae1e0-4fd9-11e7-8b0a-b14f71d4af23] - page.onError - msg: Exception in queued GPT command ReferenceError: Can't find variable: pxSegmentIDs

  phantomjs://platform/console++.js:263 in error
[ERROR - 2017-06-13T01:43:47.221Z] Session [247ae1e0-4fd9-11e7-8b0a-b14f71d4af23] - page.onError - stack:
  push (https://securepubads.g.doubleclick.net/gpt/pubads_impl_121.js:59)

  phantomjs://platform/console++.js:263 in error
[ERROR - 2017-06-13T01:43:47.223Z] Session [247ae1e0-4fd9-11e7-8b0a-b14f71d4af23] - page.onError - msg: Exception in queued GPT command ReferenceError: Can't find variable: pxSegmentIDs

  phantomjs://platform/console++.js:263 in error
[ERROR - 2017-06-13T01:43:47.223Z] Session [247ae1e0-4fd9-11e7-8b0a-b14f71d4af23] - page.onError - stack:
  push (https://securepubads.g.doubleclick.net/gpt/pubads_impl_121.js:59)

  phantomjs://platform/console++.js:263 in error
[ERROR - 2017-06-13T01:43:47.224Z] Session [247ae1e0-4fd9-11e7-8b0a-b14f71d4af23] - page.onError - msg: Exception in queued GPT command ReferenceError: Can't find variable: pxSegmentIDs

  phantomjs://platform/console++.js:263 in error
[ERROR - 2017-06-13T01:43:47.224Z] Session [247ae1e0-4fd9-11e7-8b0a-b14f71d4af23] - page.onError - stack:
  push (https://securepubads.g.doubleclick.net/gpt/pubads_impl_121.js:59)

  phantomjs://platform/console++.js:263 in error
[ERROR - 2017-06-13T01:43:47.226Z] Session [247ae1e0-4fd9-11e7-8b0a-b14f71d4af23] - page.onError - msg: Exception in queued GPT command ReferenceError: Can't find variable: pxSegmentIDs

  phantomjs://platform/console++.js:263 in error
[ERROR - 2017-06-13T01:43:47.226Z] Session [247ae1e0-4fd9-11e7-8b0a-b14f71d4af23] - page.onError - stack:
  push (https://securepubads.g.doubleclick.net/gpt/pubads_impl_121.js:59)

  phantomjs://platform/console++.js:263 in error
[ERROR - 2017-06-13T01:44:10.330Z] Session [247ae1e0-4fd9-11e7-8b0a-b14f71d4af23] - page.onError - msg: TypeError: undefined is not an object (evaluating 'window.vidora.ready')

  phantomjs://platform/console++.js:263 in error
[ERROR - 2017-06-13T01:44:10.330Z] Session [247ae1e0-4fd9-11e7-8b0a-b14f71d4af23] - page.onError - stack:
  (anonymous function) (undefined:21)
  (anonymous function) (:141)
  success (:116)
  fire (:975)
  fireWith (:1085)
  done (:7804)
  callback (:8519)
  nrWrapper (https://www.wsj.com/articles/SB10001424127887324485004578424511644407932:129)

  phantomjs://platform/console++.js:263 in error
[ERROR - 2017-06-13T01:44:15.149Z] Session [247ae1e0-4fd9-11e7-8b0a-b14f71d4af23] - page.onError - msg: Exception in queued GPT command ReferenceError: Can't find variable: pxSegmentIDs

  phantomjs://platform/console++.js:263 in error
[ERROR - 2017-06-13T01:44:15.149Z] Session [247ae1e0-4fd9-11e7-8b0a-b14f71d4af23] - page.onError - stack:
  push (https://securepubads.g.doubleclick.net/gpt/pubads_impl_121.js:59)

  phantomjs://platform/console++.js:263 in error
[ERROR - 2017-06-13T01:44:15.150Z] Session [247ae1e0-4fd9-11e7-8b0a-b14f71d4af23] - page.onError - msg: Exception in queued GPT command ReferenceError: Can't find variable: pxSegmentIDs

  phantomjs://platform/console++.js:263 in error
[ERROR - 2017-06-13T01:44:15.150Z] Session [247ae1e0-4fd9-11e7-8b0a-b14f71d4af23] - page.onError - stack:
  push (https://securepubads.g.doubleclick.net/gpt/pubads_impl_121.js:59)

  phantomjs://platform/console++.js:263 in error
[ERROR - 2017-06-13T01:44:15.151Z] Session [247ae1e0-4fd9-11e7-8b0a-b14f71d4af23] - page.onError - msg: Exception in queued GPT command ReferenceError: Can't find variable: pxSegmentIDs

  phantomjs://platform/console++.js:263 in error
[ERROR - 2017-06-13T01:44:15.151Z] Session [247ae1e0-4fd9-11e7-8b0a-b14f71d4af23] - page.onError - stack:
  push (https://securepubads.g.doubleclick.net/gpt/pubads_impl_121.js:59)

  phantomjs://platform/console++.js:263 in error
[ERROR - 2017-06-13T01:44:15.153Z] Session [247ae1e0-4fd9-11e7-8b0a-b14f71d4af23] - page.onError - msg: Exception in queued GPT command ReferenceError: Can't find variable: pxSegmentIDs

  phantomjs://platform/console++.js:263 in error
[ERROR - 2017-06-13T01:44:15.153Z] Session [247ae1e0-4fd9-11e7-8b0a-b14f71d4af23] - page.onError - stack:
  push (https://securepubads.g.doubleclick.net/gpt/pubads_impl_121.js:59)

  phantomjs://platform/console++.js:263 in error
[ERROR - 2017-06-13T01:44:15.154Z] Session [247ae1e0-4fd9-11e7-8b0a-b14f71d4af23] - page.onError - msg: Exception in queued GPT command ReferenceError: Can't find variable: pxSegmentIDs

  phantomjs://platform/console++.js:263 in error
[ERROR - 2017-06-13T01:44:15.154Z] Session [247ae1e0-4fd9-11e7-8b0a-b14f71d4af23] - page.onError - stack:
  push (https://securepubads.g.doubleclick.net/gpt/pubads_impl_121.js:59)

  phantomjs://platform/console++.js:263 in error
[ERROR - 2017-06-13T01:44:15.156Z] Session [247ae1e0-4fd9-11e7-8b0a-b14f71d4af23] - page.onError - msg: Exception in queued GPT command ReferenceError: Can't find variable: pxSegmentIDs

  phantomjs://platform/console++.js:263 in error
[ERROR - 2017-06-13T01:44:15.156Z] Session [247ae1e0-4fd9-11e7-8b0a-b14f71d4af23] - page.onError - stack:
  push (https://securepubads.g.doubleclick.net/gpt/pubads_impl_121.js:59)

  phantomjs://platform/console++.js:263 in error
[ERROR - 2017-06-13T01:44:15.157Z] Session [247ae1e0-4fd9-11e7-8b0a-b14f71d4af23] - page.onError - msg: Exception in queued GPT command ReferenceError: Can't find variable: pxSegmentIDs

  phantomjs://platform/console++.js:263 in error
[ERROR - 2017-06-13T01:44:15.157Z] Session [247ae1e0-4fd9-11e7-8b0a-b14f71d4af23] - page.onError - stack:
  push (https://securepubads.g.doubleclick.net/gpt/pubads_impl_121.js:59)

  phantomjs://platform/console++.js:263 in error
[ERROR - 2017-06-13T01:44:16.563Z] Session [247ae1e0-4fd9-11e7-8b0a-b14f71d4af23] - page.onError - msg: Exception in queued GPT command ReferenceError: Can't find variable: pxSegmentIDs

  phantomjs://platform/console++.js:263 in error
[ERROR - 2017-06-13T01:44:16.563Z] Session [247ae1e0-4fd9-11e7-8b0a-b14f71d4af23] - page.onError - stack:
  push (https://securepubads.g.doubleclick.net/gpt/pubads_impl_121.js:59)

  phantomjs://platform/console++.js:263 in error
[ERROR - 2017-06-13T01:44:16.565Z] Session [247ae1e0-4fd9-11e7-8b0a-b14f71d4af23] - page.onError - msg: Exception in queued GPT command ReferenceError: Can't find variable: pxSegmentIDs

  phantomjs://platform/console++.js:263 in error
[ERROR - 2017-06-13T01:44:16.565Z] Session [247ae1e0-4fd9-11e7-8b0a-b14f71d4af23] - page.onError - stack:
  push (https://securepubads.g.doubleclick.net/gpt/pubads_impl_121.js:59)

  phantomjs://platform/console++.js:263 in error
[ERROR - 2017-06-13T01:44:16.566Z] Session [247ae1e0-4fd9-11e7-8b0a-b14f71d4af23] - page.onError - msg: Exception in queued GPT command ReferenceError: Can't find variable: pxSegmentIDs

  phantomjs://platform/console++.js:263 in error
[ERROR - 2017-06-13T01:44:16.566Z] Session [247ae1e0-4fd9-11e7-8b0a-b14f71d4af23] - page.onError - stack:
  push (https://securepubads.g.doubleclick.net/gpt/pubads_impl_121.js:59)

  phantomjs://platform/console++.js:263 in error
[ERROR - 2017-06-13T01:44:16.567Z] Session [247ae1e0-4fd9-11e7-8b0a-b14f71d4af23] - page.onError - msg: Exception in queued GPT command ReferenceError: Can't find variable: pxSegmentIDs

  phantomjs://platform/console++.js:263 in error
[ERROR - 2017-06-13T01:44:16.567Z] Session [247ae1e0-4fd9-11e7-8b0a-b14f71d4af23] - page.onError - stack:
  push (https://securepubads.g.doubleclick.net/gpt/pubads_impl_121.js:59)

  phantomjs://platform/console++.js:263 in error
[ERROR - 2017-06-13T01:44:16.569Z] Session [247ae1e0-4fd9-11e7-8b0a-b14f71d4af23] - page.onError - msg: Exception in queued GPT command ReferenceError: Can't find variable: pxSegmentIDs

  phantomjs://platform/console++.js:263 in error
[ERROR - 2017-06-13T01:44:16.569Z] Session [247ae1e0-4fd9-11e7-8b0a-b14f71d4af23] - page.onError - stack:
  push (https://securepubads.g.doubleclick.net/gpt/pubads_impl_121.js:59)

  phantomjs://platform/console++.js:263 in error
[INFO  - 2017-06-13T01:44:28.810Z] SessionManagerReqHand - _cleanupWindowlessSessions - Asynchronous Sessions clean-up phase starting NOW
[ERROR - 2017-06-13T01:44:38.143Z] Session [247ae1e0-4fd9-11e7-8b0a-b14f71d4af23] - page.onError - msg: TypeError: undefined is not an object (evaluating 't.getBoundingClientRect')

  phantomjs://platform/console++.js:263 in error
[ERROR - 2017-06-13T01:44:38.143Z] Session [247ae1e0-4fd9-11e7-8b0a-b14f71d4af23] - page.onError - stack:
  isElementInViewport (https://vir.wsj.net/wsjart/dpm/scripts?key=1ec6db999ca17246f2fbb023268a67acfba00b02:21)
  refreshInFocusAd (https://vir.wsj.net/wsjart/dpm/scripts?key=1ec6db999ca17246f2fbb023268a67acfba00b02:21)
  (anonymous function) (https://vir.wsj.net/wsjart/dpm/scripts?key=1ec6db999ca17246f2fbb023268a67acfba00b02:21)
  nrWrapper (https://s.wsj.net/javascript/j_top-static.js:17)

  phantomjs://platform/console++.js:263 in error
[ERROR - 2017-06-13T01:45:22.030Z] Session [247ae1e0-4fd9-11e7-8b0a-b14f71d4af23] - page.onError - msg: Exception in queued GPT command ReferenceError: Can't find variable: pxSegmentIDs

  phantomjs://platform/console++.js:263 in error
[ERROR - 2017-06-13T01:45:22.031Z] Session [247ae1e0-4fd9-11e7-8b0a-b14f71d4af23] - page.onError - stack:
  push (https://securepubads.g.doubleclick.net/gpt/pubads_impl_121.js:59)

  phantomjs://platform/console++.js:263 in error
[ERROR - 2017-06-13T01:45:22.032Z] Session [247ae1e0-4fd9-11e7-8b0a-b14f71d4af23] - page.onError - msg: Exception in queued GPT command ReferenceError: Can't find variable: pxSegmentIDs

  phantomjs://platform/console++.js:263 in error
[ERROR - 2017-06-13T01:45:22.032Z] Session [247ae1e0-4fd9-11e7-8b0a-b14f71d4af23] - page.onError - stack:
  push (https://securepubads.g.doubleclick.net/gpt/pubads_impl_121.js:59)

  phantomjs://platform/console++.js:263 in error
[ERROR - 2017-06-13T01:45:22.033Z] Session [247ae1e0-4fd9-11e7-8b0a-b14f71d4af23] - page.onError - msg: Exception in queued GPT command ReferenceError: Can't find variable: pxSegmentIDs

  phantomjs://platform/console++.js:263 in error
[ERROR - 2017-06-13T01:45:22.034Z] Session [247ae1e0-4fd9-11e7-8b0a-b14f71d4af23] - page.onError - stack:
  push (https://securepubads.g.doubleclick.net/gpt/pubads_impl_121.js:59)

  phantomjs://platform/console++.js:263 in error
[ERROR - 2017-06-13T01:45:22.035Z] Session [247ae1e0-4fd9-11e7-8b0a-b14f71d4af23] - page.onError - msg: Exception in queued GPT command ReferenceError: Can't find variable: pxSegmentIDs

  phantomjs://platform/console++.js:263 in error
[ERROR - 2017-06-13T01:45:22.035Z] Session [247ae1e0-4fd9-11e7-8b0a-b14f71d4af23] - page.onError - stack:
  push (https://securepubads.g.doubleclick.net/gpt/pubads_impl_121.js:59)

  phantomjs://platform/console++.js:263 in error
[ERROR - 2017-06-13T01:45:22.037Z] Session [247ae1e0-4fd9-11e7-8b0a-b14f71d4af23] - page.onError - msg: Exception in queued GPT command ReferenceError: Can't find variable: pxSegmentIDs

  phantomjs://platform/console++.js:263 in error
[ERROR - 2017-06-13T01:45:22.037Z] Session [247ae1e0-4fd9-11e7-8b0a-b14f71d4af23] - page.onError - stack:
  push (https://securepubads.g.doubleclick.net/gpt/pubads_impl_121.js:59)

  phantomjs://platform/console++.js:263 in error
[ERROR - 2017-06-13T01:45:22.038Z] Session [247ae1e0-4fd9-11e7-8b0a-b14f71d4af23] - page.onError - msg: Exception in queued GPT command ReferenceError: Can't find variable: pxSegmentIDs

  phantomjs://platform/console++.js:263 in error
[ERROR - 2017-06-13T01:45:22.038Z] Session [247ae1e0-4fd9-11e7-8b0a-b14f71d4af23] - page.onError - stack:
  push (https://securepubads.g.doubleclick.net/gpt/pubads_impl_121.js:59)

  phantomjs://platform/console++.js:263 in error
[ERROR - 2017-06-13T01:45:22.040Z] Session [247ae1e0-4fd9-11e7-8b0a-b14f71d4af23] - page.onError - msg: Exception in queued GPT command ReferenceError: Can't find variable: pxSegmentIDs

  phantomjs://platform/console++.js:263 in error
[ERROR - 2017-06-13T01:45:22.040Z] Session [247ae1e0-4fd9-11e7-8b0a-b14f71d4af23] - page.onError - stack:
  push (https://securepubads.g.doubleclick.net/gpt/pubads_impl_121.js:59)

  phantomjs://platform/console++.js:263 in error
[ERROR - 2017-06-13T01:45:25.328Z] Session [247ae1e0-4fd9-11e7-8b0a-b14f71d4af23] - page.onError - msg: TypeError: undefined is not an object (evaluating 'window.vidora.ready')

  phantomjs://platform/console++.js:263 in error
[ERROR - 2017-06-13T01:45:25.329Z] Session [247ae1e0-4fd9-11e7-8b0a-b14f71d4af23] - page.onError - stack:
  (anonymous function) (undefined:21)
  (anonymous function) (:141)
  success (:116)
  fire (:975)
  fireWith (:1085)
  done (:7804)
  callback (:8519)
  nrWrapper (https://www.wsj.com/articles/SB10001424127887324030704578426834233441610:135)

  phantomjs://platform/console++.js:263 in error
[ERROR - 2017-06-13T01:46:26.157Z] Session [247ae1e0-4fd9-11e7-8b0a-b14f71d4af23] - page.onError - msg: Exception in queued GPT command ReferenceError: Can't find variable: pxSegmentIDs

  phantomjs://platform/console++.js:263 in error
[ERROR - 2017-06-13T01:46:26.160Z] Session [247ae1e0-4fd9-11e7-8b0a-b14f71d4af23] - page.onError - stack:
  push (https://securepubads.g.doubleclick.net/gpt/pubads_impl_121.js:59)

  phantomjs://platform/console++.js:263 in error
[ERROR - 2017-06-13T01:46:26.162Z] Session [247ae1e0-4fd9-11e7-8b0a-b14f71d4af23] - page.onError - msg: Exception in queued GPT command ReferenceError: Can't find variable: pxSegmentIDs

  phantomjs://platform/console++.js:263 in error
[ERROR - 2017-06-13T01:46:26.162Z] Session [247ae1e0-4fd9-11e7-8b0a-b14f71d4af23] - page.onError - stack:
  push (https://securepubads.g.doubleclick.net/gpt/pubads_impl_121.js:59)

  phantomjs://platform/console++.js:263 in error
[ERROR - 2017-06-13T01:46:26.163Z] Session [247ae1e0-4fd9-11e7-8b0a-b14f71d4af23] - page.onError - msg: Exception in queued GPT command ReferenceError: Can't find variable: pxSegmentIDs

  phantomjs://platform/console++.js:263 in error
[ERROR - 2017-06-13T01:46:26.163Z] Session [247ae1e0-4fd9-11e7-8b0a-b14f71d4af23] - page.onError - stack:
  push (https://securepubads.g.doubleclick.net/gpt/pubads_impl_121.js:59)

  phantomjs://platform/console++.js:263 in error
[ERROR - 2017-06-13T01:46:26.164Z] Session [247ae1e0-4fd9-11e7-8b0a-b14f71d4af23] - page.onError - msg: Exception in queued GPT command ReferenceError: Can't find variable: pxSegmentIDs

  phantomjs://platform/console++.js:263 in error
[ERROR - 2017-06-13T01:46:26.164Z] Session [247ae1e0-4fd9-11e7-8b0a-b14f71d4af23] - page.onError - stack:
  push (https://securepubads.g.doubleclick.net/gpt/pubads_impl_121.js:59)

  phantomjs://platform/console++.js:263 in error
[ERROR - 2017-06-13T01:46:26.166Z] Session [247ae1e0-4fd9-11e7-8b0a-b14f71d4af23] - page.onError - msg: Exception in queued GPT command ReferenceError: Can't find variable: pxSegmentIDs

  phantomjs://platform/console++.js:263 in error
[ERROR - 2017-06-13T01:46:26.166Z] Session [247ae1e0-4fd9-11e7-8b0a-b14f71d4af23] - page.onError - stack:
  push (https://securepubads.g.doubleclick.net/gpt/pubads_impl_121.js:59)

  phantomjs://platform/console++.js:263 in error
[ERROR - 2017-06-13T01:46:26.167Z] Session [247ae1e0-4fd9-11e7-8b0a-b14f71d4af23] - page.onError - msg: Exception in queued GPT command ReferenceError: Can't find variable: pxSegmentIDs

  phantomjs://platform/console++.js:263 in error
[ERROR - 2017-06-13T01:46:26.167Z] Session [247ae1e0-4fd9-11e7-8b0a-b14f71d4af23] - page.onError - stack:
  push (https://securepubads.g.doubleclick.net/gpt/pubads_impl_121.js:59)

  phantomjs://platform/console++.js:263 in error
[ERROR - 2017-06-13T01:46:26.168Z] Session [247ae1e0-4fd9-11e7-8b0a-b14f71d4af23] - page.onError - msg: Exception in queued GPT command ReferenceError: Can't find variable: pxSegmentIDs

  phantomjs://platform/console++.js:263 in error
[ERROR - 2017-06-13T01:46:26.168Z] Session [247ae1e0-4fd9-11e7-8b0a-b14f71d4af23] - page.onError - stack:
  push (https://securepubads.g.doubleclick.net/gpt/pubads_impl_121.js:59)

  phantomjs://platform/console++.js:263 in error
[ERROR - 2017-06-13T01:46:28.150Z] Session [247ae1e0-4fd9-11e7-8b0a-b14f71d4af23] - page.onError - msg: TypeError: undefined is not an object (evaluating 'window.vidora.ready')

  phantomjs://platform/console++.js:263 in error
[ERROR - 2017-06-13T01:46:28.150Z] Session [247ae1e0-4fd9-11e7-8b0a-b14f71d4af23] - page.onError - stack:
  (anonymous function) (undefined:21)
  (anonymous function) (:141)
  success (:116)
  fire (:975)
  fireWith (:1085)
  done (:7804)
  callback (:8519)
  nrWrapper (https://www.wsj.com/articles/SB10001424127887324493704578429060023332942:128)

  phantomjs://platform/console++.js:263 in error
[ERROR - 2017-06-13T01:46:45.708Z] Session [247ae1e0-4fd9-11e7-8b0a-b14f71d4af23] - page.onError - msg: TypeError: undefined is not an object (evaluating 'window.vidora.ready')

  phantomjs://platform/console++.js:263 in error
[ERROR - 2017-06-13T01:46:45.708Z] Session [247ae1e0-4fd9-11e7-8b0a-b14f71d4af23] - page.onError - stack:
  (anonymous function) (undefined:21)
  (anonymous function) (:141)
  success (:116)
  fire (:975)
  fireWith (:1085)
  done (:7804)
  callback (:8519)
  nrWrapper (https://www.wsj.com/articles/SB10001424127887324485004578427150762077708:128)

  phantomjs://platform/console++.js:263 in error
[ERROR - 2017-06-13T01:46:49.992Z] Session [247ae1e0-4fd9-11e7-8b0a-b14f71d4af23] - page.onError - msg: BG2: Failed to connect to BlueGrass2 SignalR endpoint: https://wsjstream.wsj.net/bg2.  Will retry...

  phantomjs://platform/console++.js:263 in error
[ERROR - 2017-06-13T01:46:49.992Z] Session [247ae1e0-4fd9-11e7-8b0a-b14f71d4af23] - page.onError - stack:
  (anonymous function) (:23)

  phantomjs://platform/console++.js:263 in error
[ERROR - 2017-06-13T01:47:00.753Z] Session [247ae1e0-4fd9-11e7-8b0a-b14f71d4af23] - page.onError - msg: Exception in queued GPT command ReferenceError: Can't find variable: pxSegmentIDs

  phantomjs://platform/console++.js:263 in error
[ERROR - 2017-06-13T01:47:00.753Z] Session [247ae1e0-4fd9-11e7-8b0a-b14f71d4af23] - page.onError - stack:
  push (https://securepubads.g.doubleclick.net/gpt/pubads_impl_121.js:59)

  phantomjs://platform/console++.js:263 in error
[ERROR - 2017-06-13T01:47:00.754Z] Session [247ae1e0-4fd9-11e7-8b0a-b14f71d4af23] - page.onError - msg: Exception in queued GPT command ReferenceError: Can't find variable: pxSegmentIDs

  phantomjs://platform/console++.js:263 in error
[ERROR - 2017-06-13T01:47:00.754Z] Session [247ae1e0-4fd9-11e7-8b0a-b14f71d4af23] - page.onError - stack:
  push (https://securepubads.g.doubleclick.net/gpt/pubads_impl_121.js:59)

  phantomjs://platform/console++.js:263 in error
[ERROR - 2017-06-13T01:47:00.756Z] Session [247ae1e0-4fd9-11e7-8b0a-b14f71d4af23] - page.onError - msg: Exception in queued GPT command ReferenceError: Can't find variable: pxSegmentIDs

  phantomjs://platform/console++.js:263 in error
[ERROR - 2017-06-13T01:47:00.756Z] Session [247ae1e0-4fd9-11e7-8b0a-b14f71d4af23] - page.onError - stack:
  push (https://securepubads.g.doubleclick.net/gpt/pubads_impl_121.js:59)

  phantomjs://platform/console++.js:263 in error
[ERROR - 2017-06-13T01:47:00.757Z] Session [247ae1e0-4fd9-11e7-8b0a-b14f71d4af23] - page.onError - msg: Exception in queued GPT command ReferenceError: Can't find variable: pxSegmentIDs

  phantomjs://platform/console++.js:263 in error
[ERROR - 2017-06-13T01:47:00.757Z] Session [247ae1e0-4fd9-11e7-8b0a-b14f71d4af23] - page.onError - stack:
  push (https://securepubads.g.doubleclick.net/gpt/pubads_impl_121.js:59)

  phantomjs://platform/console++.js:263 in error
[ERROR - 2017-06-13T01:47:00.759Z] Session [247ae1e0-4fd9-11e7-8b0a-b14f71d4af23] - page.onError - msg: Exception in queued GPT command ReferenceError: Can't find variable: pxSegmentIDs

  phantomjs://platform/console++.js:263 in error
[ERROR - 2017-06-13T01:47:00.759Z] Session [247ae1e0-4fd9-11e7-8b0a-b14f71d4af23] - page.onError - stack:
  push (https://securepubads.g.doubleclick.net/gpt/pubads_impl_121.js:59)

  phantomjs://platform/console++.js:263 in error
[ERROR - 2017-06-13T01:47:22.395Z] Session [247ae1e0-4fd9-11e7-8b0a-b14f71d4af23] - page.onError - msg: TypeError: undefined is not an object (evaluating 't.getBoundingClientRect')

  phantomjs://platform/console++.js:263 in error
[ERROR - 2017-06-13T01:47:22.395Z] Session [247ae1e0-4fd9-11e7-8b0a-b14f71d4af23] - page.onError - stack:
  isElementInViewport (https://vir.wsj.net/wsjart/dpm/scripts?key=1ec6db999ca17246f2fbb023268a67acfba00b02:21)
  refreshInFocusAd (https://vir.wsj.net/wsjart/dpm/scripts?key=1ec6db999ca17246f2fbb023268a67acfba00b02:21)
  (anonymous function) (https://vir.wsj.net/wsjart/dpm/scripts?key=1ec6db999ca17246f2fbb023268a67acfba00b02:21)
  nrWrapper (https://s.wsj.net/javascript/j_top-static.js:17)

  phantomjs://platform/console++.js:263 in error
[ERROR - 2017-06-13T01:48:07.056Z] Session [247ae1e0-4fd9-11e7-8b0a-b14f71d4af23] - page.onError - msg: Exception in queued GPT command ReferenceError: Can't find variable: pxSegmentIDs

  phantomjs://platform/console++.js:263 in error
[ERROR - 2017-06-13T01:48:07.056Z] Session [247ae1e0-4fd9-11e7-8b0a-b14f71d4af23] - page.onError - stack:
  push (https://securepubads.g.doubleclick.net/gpt/pubads_impl_121.js:59)

  phantomjs://platform/console++.js:263 in error
[ERROR - 2017-06-13T01:48:26.149Z] Session [247ae1e0-4fd9-11e7-8b0a-b14f71d4af23] - page.onError - msg: Exception in queued GPT command ReferenceError: Can't find variable: pxSegmentIDs

  phantomjs://platform/console++.js:263 in error
[ERROR - 2017-06-13T01:48:26.150Z] Session [247ae1e0-4fd9-11e7-8b0a-b14f71d4af23] - page.onError - stack:
  push (https://securepubads.g.doubleclick.net/gpt/pubads_impl_121.js:59)

  phantomjs://platform/console++.js:263 in error
[ERROR - 2017-06-13T01:48:26.151Z] Session [247ae1e0-4fd9-11e7-8b0a-b14f71d4af23] - page.onError - msg: Exception in queued GPT command ReferenceError: Can't find variable: pxSegmentIDs

  phantomjs://platform/console++.js:263 in error
[ERROR - 2017-06-13T01:48:26.151Z] Session [247ae1e0-4fd9-11e7-8b0a-b14f71d4af23] - page.onError - stack:
  push (https://securepubads.g.doubleclick.net/gpt/pubads_impl_121.js:59)

  phantomjs://platform/console++.js:263 in error
[ERROR - 2017-06-13T01:48:26.152Z] Session [247ae1e0-4fd9-11e7-8b0a-b14f71d4af23] - page.onError - msg: Exception in queued GPT command ReferenceError: Can't find variable: pxSegmentIDs

  phantomjs://platform/console++.js:263 in error
[ERROR - 2017-06-13T01:48:26.152Z] Session [247ae1e0-4fd9-11e7-8b0a-b14f71d4af23] - page.onError - stack:
  push (https://securepubads.g.doubleclick.net/gpt/pubads_impl_121.js:59)

  phantomjs://platform/console++.js:263 in error
[ERROR - 2017-06-13T01:48:26.153Z] Session [247ae1e0-4fd9-11e7-8b0a-b14f71d4af23] - page.onError - msg: Exception in queued GPT command ReferenceError: Can't find variable: pxSegmentIDs

  phantomjs://platform/console++.js:263 in error
[ERROR - 2017-06-13T01:48:26.153Z] Session [247ae1e0-4fd9-11e7-8b0a-b14f71d4af23] - page.onError - stack:
  push (https://securepubads.g.doubleclick.net/gpt/pubads_impl_121.js:59)

  phantomjs://platform/console++.js:263 in error
[ERROR - 2017-06-13T01:48:26.155Z] Session [247ae1e0-4fd9-11e7-8b0a-b14f71d4af23] - page.onError - msg: Exception in queued GPT command ReferenceError: Can't find variable: pxSegmentIDs

  phantomjs://platform/console++.js:263 in error
[ERROR - 2017-06-13T01:48:26.155Z] Session [247ae1e0-4fd9-11e7-8b0a-b14f71d4af23] - page.onError - stack:
  push (https://securepubads.g.doubleclick.net/gpt/pubads_impl_121.js:59)

  phantomjs://platform/console++.js:263 in error
[ERROR - 2017-06-13T01:48:26.156Z] Session [247ae1e0-4fd9-11e7-8b0a-b14f71d4af23] - page.onError - msg: Exception in queued GPT command ReferenceError: Can't find variable: pxSegmentIDs

  phantomjs://platform/console++.js:263 in error
[ERROR - 2017-06-13T01:48:26.156Z] Session [247ae1e0-4fd9-11e7-8b0a-b14f71d4af23] - page.onError - stack:
  push (https://securepubads.g.doubleclick.net/gpt/pubads_impl_121.js:59)

  phantomjs://platform/console++.js:263 in error
[ERROR - 2017-06-13T01:48:26.157Z] Session [247ae1e0-4fd9-11e7-8b0a-b14f71d4af23] - page.onError - msg: Exception in queued GPT command ReferenceError: Can't find variable: pxSegmentIDs

  phantomjs://platform/console++.js:263 in error
[ERROR - 2017-06-13T01:48:26.157Z] Session [247ae1e0-4fd9-11e7-8b0a-b14f71d4af23] - page.onError - stack:
  push (https://securepubads.g.doubleclick.net/gpt/pubads_impl_121.js:59)

  phantomjs://platform/console++.js:263 in error
[ERROR - 2017-06-13T01:48:32.153Z] Session [247ae1e0-4fd9-11e7-8b0a-b14f71d4af23] - page.onError - msg: Exception in queued GPT command ReferenceError: Can't find variable: pxSegmentIDs

  phantomjs://platform/console++.js:263 in error
[ERROR - 2017-06-13T01:48:32.153Z] Session [247ae1e0-4fd9-11e7-8b0a-b14f71d4af23] - page.onError - stack:
  push (https://securepubads.g.doubleclick.net/gpt/pubads_impl_121.js:59)

  phantomjs://platform/console++.js:263 in error
[ERROR - 2017-06-13T01:48:32.155Z] Session [247ae1e0-4fd9-11e7-8b0a-b14f71d4af23] - page.onError - msg: Exception in queued GPT command ReferenceError: Can't find variable: pxSegmentIDs

  phantomjs://platform/console++.js:263 in error
[ERROR - 2017-06-13T01:48:32.155Z] Session [247ae1e0-4fd9-11e7-8b0a-b14f71d4af23] - page.onError - stack:
  push (https://securepubads.g.doubleclick.net/gpt/pubads_impl_121.js:59)

  phantomjs://platform/console++.js:263 in error
[ERROR - 2017-06-13T01:48:32.156Z] Session [247ae1e0-4fd9-11e7-8b0a-b14f71d4af23] - page.onError - msg: Exception in queued GPT command ReferenceError: Can't find variable: pxSegmentIDs

  phantomjs://platform/console++.js:263 in error
[ERROR - 2017-06-13T01:48:32.156Z] Session [247ae1e0-4fd9-11e7-8b0a-b14f71d4af23] - page.onError - stack:
  push (https://securepubads.g.doubleclick.net/gpt/pubads_impl_121.js:59)

  phantomjs://platform/console++.js:263 in error
[ERROR - 2017-06-13T01:48:32.157Z] Session [247ae1e0-4fd9-11e7-8b0a-b14f71d4af23] - page.onError - msg: Exception in queued GPT command ReferenceError: Can't find variable: pxSegmentIDs

  phantomjs://platform/console++.js:263 in error
[ERROR - 2017-06-13T01:48:32.157Z] Session [247ae1e0-4fd9-11e7-8b0a-b14f71d4af23] - page.onError - stack:
  push (https://securepubads.g.doubleclick.net/gpt/pubads_impl_121.js:59)

  phantomjs://platform/console++.js:263 in error
[ERROR - 2017-06-13T01:48:32.159Z] Session [247ae1e0-4fd9-11e7-8b0a-b14f71d4af23] - page.onError - msg: Exception in queued GPT command ReferenceError: Can't find variable: pxSegmentIDs

  phantomjs://platform/console++.js:263 in error
[ERROR - 2017-06-13T01:48:32.159Z] Session [247ae1e0-4fd9-11e7-8b0a-b14f71d4af23] - page.onError - stack:
  push (https://securepubads.g.doubleclick.net/gpt/pubads_impl_121.js:59)

  phantomjs://platform/console++.js:263 in error
[ERROR - 2017-06-13T01:48:32.160Z] Session [247ae1e0-4fd9-11e7-8b0a-b14f71d4af23] - page.onError - msg: Exception in queued GPT command ReferenceError: Can't find variable: pxSegmentIDs

  phantomjs://platform/console++.js:263 in error
[ERROR - 2017-06-13T01:48:32.160Z] Session [247ae1e0-4fd9-11e7-8b0a-b14f71d4af23] - page.onError - stack:
  push (https://securepubads.g.doubleclick.net/gpt/pubads_impl_121.js:59)

  phantomjs://platform/console++.js:263 in error
[ERROR - 2017-06-13T01:48:32.161Z] Session [247ae1e0-4fd9-11e7-8b0a-b14f71d4af23] - page.onError - msg: Exception in queued GPT command ReferenceError: Can't find variable: pxSegmentIDs

  phantomjs://platform/console++.js:263 in error
[ERROR - 2017-06-13T01:48:32.161Z] Session [247ae1e0-4fd9-11e7-8b0a-b14f71d4af23] - page.onError - stack:
  push (https://securepubads.g.doubleclick.net/gpt/pubads_impl_121.js:59)

  phantomjs://platform/console++.js:263 in error
[ERROR - 2017-06-13T01:48:40.335Z] Session [247ae1e0-4fd9-11e7-8b0a-b14f71d4af23] - page.onError - msg: TypeError: undefined is not an object (evaluating 'window.vidora.ready')

  phantomjs://platform/console++.js:263 in error
[ERROR - 2017-06-13T01:48:40.335Z] Session [247ae1e0-4fd9-11e7-8b0a-b14f71d4af23] - page.onError - stack:
  (anonymous function) (undefined:21)
  (anonymous function) (:141)
  success (:116)
  fire (:975)
  fireWith (:1085)
  done (:7804)
  callback (:8519)
  nrWrapper (https://www.wsj.com/articles/SB10001424127887323309604578430932517007190:128)

  phantomjs://platform/console++.js:263 in error
[ERROR - 2017-06-13T01:48:58.592Z] Session [247ae1e0-4fd9-11e7-8b0a-b14f71d4af23] - page.onError - msg: TypeError: undefined is not an object (evaluating 'window.vidora.ready')

  phantomjs://platform/console++.js:263 in error
[ERROR - 2017-06-13T01:48:58.592Z] Session [247ae1e0-4fd9-11e7-8b0a-b14f71d4af23] - page.onError - stack:
  (anonymous function) (undefined:21)
  (anonymous function) (:141)
  success (:116)
  fire (:975)
  fireWith (:1085)
  done (:7804)
  callback (:8519)
  nrWrapper (https://www.wsj.com/articles/SB10001424127887324504704578410923019988506:128)

  phantomjs://platform/console++.js:263 in error
[ERROR - 2017-06-13T01:49:20.295Z] Session [247ae1e0-4fd9-11e7-8b0a-b14f71d4af23] - page.onError - msg: TypeError: undefined is not an object (evaluating 't.getBoundingClientRect')

  phantomjs://platform/console++.js:263 in error
[ERROR - 2017-06-13T01:49:20.296Z] Session [247ae1e0-4fd9-11e7-8b0a-b14f71d4af23] - page.onError - stack:
  isElementInViewport (https://vir.wsj.net/wsjart/dpm/scripts?key=1ec6db999ca17246f2fbb023268a67acfba00b02:21)
  refreshInFocusAd (https://vir.wsj.net/wsjart/dpm/scripts?key=1ec6db999ca17246f2fbb023268a67acfba00b02:21)
  (anonymous function) (https://vir.wsj.net/wsjart/dpm/scripts?key=1ec6db999ca17246f2fbb023268a67acfba00b02:21)
  nrWrapper (https://s.wsj.net/javascript/j_top-static.js:17)

  phantomjs://platform/console++.js:263 in error
[INFO  - 2017-06-13T01:49:28.810Z] SessionManagerReqHand - _cleanupWindowlessSessions - Asynchronous Sessions clean-up phase starting NOW
[ERROR - 2017-06-13T01:50:04.037Z] Session [247ae1e0-4fd9-11e7-8b0a-b14f71d4af23] - page.onError - msg: Exception in queued GPT command ReferenceError: Can't find variable: pxSegmentIDs

  phantomjs://platform/console++.js:263 in error
[ERROR - 2017-06-13T01:50:04.038Z] Session [247ae1e0-4fd9-11e7-8b0a-b14f71d4af23] - page.onError - stack:
  push (https://securepubads.g.doubleclick.net/gpt/pubads_impl_121.js:59)

  phantomjs://platform/console++.js:263 in error
[ERROR - 2017-06-13T01:50:04.039Z] Session [247ae1e0-4fd9-11e7-8b0a-b14f71d4af23] - page.onError - msg: Exception in queued GPT command ReferenceError: Can't find variable: pxSegmentIDs

  phantomjs://platform/console++.js:263 in error
[ERROR - 2017-06-13T01:50:04.039Z] Session [247ae1e0-4fd9-11e7-8b0a-b14f71d4af23] - page.onError - stack:
  push (https://securepubads.g.doubleclick.net/gpt/pubads_impl_121.js:59)

  phantomjs://platform/console++.js:263 in error
[ERROR - 2017-06-13T01:50:04.040Z] Session [247ae1e0-4fd9-11e7-8b0a-b14f71d4af23] - page.onError - msg: Exception in queued GPT command ReferenceError: Can't find variable: pxSegmentIDs

  phantomjs://platform/console++.js:263 in error
[ERROR - 2017-06-13T01:50:04.041Z] Session [247ae1e0-4fd9-11e7-8b0a-b14f71d4af23] - page.onError - stack:
  push (https://securepubads.g.doubleclick.net/gpt/pubads_impl_121.js:59)

  phantomjs://platform/console++.js:263 in error
[ERROR - 2017-06-13T01:50:04.041Z] Session [247ae1e0-4fd9-11e7-8b0a-b14f71d4af23] - page.onError - msg: Exception in queued GPT command ReferenceError: Can't find variable: pxSegmentIDs

  phantomjs://platform/console++.js:263 in error
[ERROR - 2017-06-13T01:50:04.042Z] Session [247ae1e0-4fd9-11e7-8b0a-b14f71d4af23] - page.onError - stack:
  push (https://securepubads.g.doubleclick.net/gpt/pubads_impl_121.js:59)

  phantomjs://platform/console++.js:263 in error
[ERROR - 2017-06-13T01:50:04.043Z] Session [247ae1e0-4fd9-11e7-8b0a-b14f71d4af23] - page.onError - msg: Exception in queued GPT command ReferenceError: Can't find variable: pxSegmentIDs

  phantomjs://platform/console++.js:263 in error
[ERROR - 2017-06-13T01:50:04.043Z] Session [247ae1e0-4fd9-11e7-8b0a-b14f71d4af23] - page.onError - stack:
  push (https://securepubads.g.doubleclick.net/gpt/pubads_impl_121.js:59)

  phantomjs://platform/console++.js:263 in error
[ERROR - 2017-06-13T01:50:04.044Z] Session [247ae1e0-4fd9-11e7-8b0a-b14f71d4af23] - page.onError - msg: Exception in queued GPT command ReferenceError: Can't find variable: pxSegmentIDs

  phantomjs://platform/console++.js:263 in error
[ERROR - 2017-06-13T01:50:04.044Z] Session [247ae1e0-4fd9-11e7-8b0a-b14f71d4af23] - page.onError - stack:
  push (https://securepubads.g.doubleclick.net/gpt/pubads_impl_121.js:59)

  phantomjs://platform/console++.js:263 in error
[ERROR - 2017-06-13T01:50:04.046Z] Session [247ae1e0-4fd9-11e7-8b0a-b14f71d4af23] - page.onError - msg: Exception in queued GPT command ReferenceError: Can't find variable: pxSegmentIDs

  phantomjs://platform/console++.js:263 in error
[ERROR - 2017-06-13T01:50:04.046Z] Session [247ae1e0-4fd9-11e7-8b0a-b14f71d4af23] - page.onError - stack:
  push (https://securepubads.g.doubleclick.net/gpt/pubads_impl_121.js:59)

  phantomjs://platform/console++.js:263 in error
[ERROR - 2017-06-13T01:50:13.923Z] Session [247ae1e0-4fd9-11e7-8b0a-b14f71d4af23] - page.onError - msg: BG2: Failed to connect to BlueGrass2 SignalR endpoint: https://wsjstream.wsj.net/bg2.  Will retry...

  phantomjs://platform/console++.js:263 in error
[ERROR - 2017-06-13T01:50:13.923Z] Session [247ae1e0-4fd9-11e7-8b0a-b14f71d4af23] - page.onError - stack:
  (anonymous function) (:23)

  phantomjs://platform/console++.js:263 in error
[ERROR - 2017-06-13T01:50:15.473Z] Session [247ae1e0-4fd9-11e7-8b0a-b14f71d4af23] - page.onError - msg: BG2: Failed to connect to BlueGrass2 SignalR endpoint: https://wsjstream.wsj.net/bg2.  Will retry...

  phantomjs://platform/console++.js:263 in error
[ERROR - 2017-06-13T01:50:15.473Z] Session [247ae1e0-4fd9-11e7-8b0a-b14f71d4af23] - page.onError - stack:
  (anonymous function) (:23)

  phantomjs://platform/console++.js:263 in error
[ERROR - 2017-06-13T01:50:28.329Z] Session [247ae1e0-4fd9-11e7-8b0a-b14f71d4af23] - page.onError - msg: TypeError: undefined is not an object (evaluating 'window.vidora.ready')

  phantomjs://platform/console++.js:263 in error
[ERROR - 2017-06-13T01:50:28.329Z] Session [247ae1e0-4fd9-11e7-8b0a-b14f71d4af23] - page.onError - stack:
  (anonymous function) (undefined:21)
  (anonymous function) (:141)
  success (:116)
  fire (:975)
  fireWith (:1085)
  done (:7804)
  callback (:8519)
  nrWrapper (https://www.wsj.com/articles/SB10001424127887324493704578428330296812030:128)

  phantomjs://platform/console++.js:263 in error
[ERROR - 2017-06-13T01:50:58.155Z] Session [247ae1e0-4fd9-11e7-8b0a-b14f71d4af23] - page.onError - msg: TypeError: undefined is not an object (evaluating 't.getBoundingClientRect')

  phantomjs://platform/console++.js:263 in error
[ERROR - 2017-06-13T01:50:58.155Z] Session [247ae1e0-4fd9-11e7-8b0a-b14f71d4af23] - page.onError - stack:
  isElementInViewport (https://ore.wsj.net/wsjart/dpm/scripts?key=1ec6db999ca17246f2fbb023268a67acfba00b02:21)
  refreshInFocusAd (https://ore.wsj.net/wsjart/dpm/scripts?key=1ec6db999ca17246f2fbb023268a67acfba00b02:21)
  (anonymous function) (https://ore.wsj.net/wsjart/dpm/scripts?key=1ec6db999ca17246f2fbb023268a67acfba00b02:21)
  nrWrapper (https://s.wsj.net/javascript/j_top-static.js:17)

  phantomjs://platform/console++.js:263 in error
[ERROR - 2017-06-13T01:51:42.827Z] Session [247ae1e0-4fd9-11e7-8b0a-b14f71d4af23] - page.onError - msg: TypeError: undefined is not an object (evaluating 'window.vidora.ready')

  phantomjs://platform/console++.js:263 in error
[ERROR - 2017-06-13T01:51:42.827Z] Session [247ae1e0-4fd9-11e7-8b0a-b14f71d4af23] - page.onError - stack:
  (anonymous function) (undefined:21)
  (anonymous function) (:141)
  success (:116)
  fire (:975)
  fireWith (:1085)
  done (:7804)
  callback (:8519)
  nrWrapper (https://www.wsj.com/articles/SB10001424127887323346304578426914103467822:127)

  phantomjs://platform/console++.js:263 in error
[ERROR - 2017-06-13T01:51:55.517Z] Session [247ae1e0-4fd9-11e7-8b0a-b14f71d4af23] - page.onError - msg: Exception in queued GPT command ReferenceError: Can't find variable: pxSegmentIDs

  phantomjs://platform/console++.js:263 in error
[ERROR - 2017-06-13T01:51:55.517Z] Session [247ae1e0-4fd9-11e7-8b0a-b14f71d4af23] - page.onError - stack:
  push (https://securepubads.g.doubleclick.net/gpt/pubads_impl_121.js:59)

  phantomjs://platform/console++.js:263 in error
[ERROR - 2017-06-13T01:51:55.519Z] Session [247ae1e0-4fd9-11e7-8b0a-b14f71d4af23] - page.onError - msg: Exception in queued GPT command ReferenceError: Can't find variable: pxSegmentIDs

  phantomjs://platform/console++.js:263 in error
[ERROR - 2017-06-13T01:51:55.519Z] Session [247ae1e0-4fd9-11e7-8b0a-b14f71d4af23] - page.onError - stack:
  push (https://securepubads.g.doubleclick.net/gpt/pubads_impl_121.js:59)

  phantomjs://platform/console++.js:263 in error
[ERROR - 2017-06-13T01:51:55.520Z] Session [247ae1e0-4fd9-11e7-8b0a-b14f71d4af23] - page.onError - msg: Exception in queued GPT command ReferenceError: Can't find variable: pxSegmentIDs

  phantomjs://platform/console++.js:263 in error
[ERROR - 2017-06-13T01:51:55.520Z] Session [247ae1e0-4fd9-11e7-8b0a-b14f71d4af23] - page.onError - stack:
  push (https://securepubads.g.doubleclick.net/gpt/pubads_impl_121.js:59)

  phantomjs://platform/console++.js:263 in error
[ERROR - 2017-06-13T01:51:55.522Z] Session [247ae1e0-4fd9-11e7-8b0a-b14f71d4af23] - page.onError - msg: Exception in queued GPT command ReferenceError: Can't find variable: pxSegmentIDs

  phantomjs://platform/console++.js:263 in error
[ERROR - 2017-06-13T01:51:55.522Z] Session [247ae1e0-4fd9-11e7-8b0a-b14f71d4af23] - page.onError - stack:
  push (https://securepubads.g.doubleclick.net/gpt/pubads_impl_121.js:59)

  phantomjs://platform/console++.js:263 in error
[ERROR - 2017-06-13T01:51:55.524Z] Session [247ae1e0-4fd9-11e7-8b0a-b14f71d4af23] - page.onError - msg: Exception in queued GPT command ReferenceError: Can't find variable: pxSegmentIDs

  phantomjs://platform/console++.js:263 in error
[ERROR - 2017-06-13T01:51:55.524Z] Session [247ae1e0-4fd9-11e7-8b0a-b14f71d4af23] - page.onError - stack:
  push (https://securepubads.g.doubleclick.net/gpt/pubads_impl_121.js:59)

  phantomjs://platform/console++.js:263 in error
[ERROR - 2017-06-13T01:52:00.876Z] Session [247ae1e0-4fd9-11e7-8b0a-b14f71d4af23] - page.onError - msg: TypeError: undefined is not an object (evaluating 'window.vidora.ready')

  phantomjs://platform/console++.js:263 in error
[ERROR - 2017-06-13T01:52:00.876Z] Session [247ae1e0-4fd9-11e7-8b0a-b14f71d4af23] - page.onError - stack:
  (anonymous function) (undefined:21)
  (anonymous function) (:141)
  success (:116)
  fire (:975)
  fireWith (:1085)
  done (:7804)
  callback (:8519)
  nrWrapper (https://www.wsj.com/articles/SB10001424127887323741004578418644273775674:135)

  phantomjs://platform/console++.js:263 in error
[ERROR - 2017-06-13T01:52:28.652Z] Session [247ae1e0-4fd9-11e7-8b0a-b14f71d4af23] - page.onError - msg: TypeError: undefined is not an object (evaluating 'window.vidora.ready')

  phantomjs://platform/console++.js:263 in error
[ERROR - 2017-06-13T01:52:28.652Z] Session [247ae1e0-4fd9-11e7-8b0a-b14f71d4af23] - page.onError - stack:
  (anonymous function) (undefined:21)
  (anonymous function) (:141)
  success (:116)
  fire (:975)
  fireWith (:1085)
  done (:7804)
  callback (:8519)
  nrWrapper (https://www.wsj.com/articles/SB10001424127887324485004578424873235929266:283)

  phantomjs://platform/console++.js:263 in error
[ERROR - 2017-06-13T01:52:34.181Z] Session [247ae1e0-4fd9-11e7-8b0a-b14f71d4af23] - page.onError - msg: TypeError: undefined is not an object (evaluating 'window.vidora.ready')

  phantomjs://platform/console++.js:263 in error
[ERROR - 2017-06-13T01:52:34.181Z] Session [247ae1e0-4fd9-11e7-8b0a-b14f71d4af23] - page.onError - stack:
  (anonymous function) (undefined:21)
  (anonymous function) (:141)
  success (:116)
  fire (:975)
  fireWith (:1085)
  done (:7804)
  callback (:8519)
  nrWrapper (https://www.wsj.com/articles/SB10001424127887323809304578433151124662748:124)

  phantomjs://platform/console++.js:263 in error
[ERROR - 2017-06-13T01:52:43.371Z] Session [247ae1e0-4fd9-11e7-8b0a-b14f71d4af23] - page.onError - msg: Exception in queued GPT command ReferenceError: Can't find variable: pxSegmentIDs

  phantomjs://platform/console++.js:263 in error
[ERROR - 2017-06-13T01:52:43.371Z] Session [247ae1e0-4fd9-11e7-8b0a-b14f71d4af23] - page.onError - stack:
  push (https://securepubads.g.doubleclick.net/gpt/pubads_impl_121.js:59)

  phantomjs://platform/console++.js:263 in error
[ERROR - 2017-06-13T01:52:43.373Z] Session [247ae1e0-4fd9-11e7-8b0a-b14f71d4af23] - page.onError - msg: Exception in queued GPT command ReferenceError: Can't find variable: pxSegmentIDs

  phantomjs://platform/console++.js:263 in error
[ERROR - 2017-06-13T01:52:43.373Z] Session [247ae1e0-4fd9-11e7-8b0a-b14f71d4af23] - page.onError - stack:
  push (https://securepubads.g.doubleclick.net/gpt/pubads_impl_121.js:59)

  phantomjs://platform/console++.js:263 in error
[ERROR - 2017-06-13T01:52:43.374Z] Session [247ae1e0-4fd9-11e7-8b0a-b14f71d4af23] - page.onError - msg: Exception in queued GPT command ReferenceError: Can't find variable: pxSegmentIDs

  phantomjs://platform/console++.js:263 in error
[ERROR - 2017-06-13T01:52:43.374Z] Session [247ae1e0-4fd9-11e7-8b0a-b14f71d4af23] - page.onError - stack:
  push (https://securepubads.g.doubleclick.net/gpt/pubads_impl_121.js:59)

  phantomjs://platform/console++.js:263 in error
[ERROR - 2017-06-13T01:52:43.375Z] Session [247ae1e0-4fd9-11e7-8b0a-b14f71d4af23] - page.onError - msg: Exception in queued GPT command ReferenceError: Can't find variable: pxSegmentIDs

  phantomjs://platform/console++.js:263 in error
[ERROR - 2017-06-13T01:52:43.375Z] Session [247ae1e0-4fd9-11e7-8b0a-b14f71d4af23] - page.onError - stack:
  push (https://securepubads.g.doubleclick.net/gpt/pubads_impl_121.js:59)

  phantomjs://platform/console++.js:263 in error
[ERROR - 2017-06-13T01:52:43.377Z] Session [247ae1e0-4fd9-11e7-8b0a-b14f71d4af23] - page.onError - msg: Exception in queued GPT command ReferenceError: Can't find variable: pxSegmentIDs

  phantomjs://platform/console++.js:263 in error
[ERROR - 2017-06-13T01:52:43.377Z] Session [247ae1e0-4fd9-11e7-8b0a-b14f71d4af23] - page.onError - stack:
  push (https://securepubads.g.doubleclick.net/gpt/pubads_impl_121.js:59)

  phantomjs://platform/console++.js:263 in error
